WARNING: Using 'neigh_modify every 1 delay 0 check yes' setting during minimization (src/min.cpp:188)
PPPM initialization ...
  using 12-bit tables for long-range coulomb (src/kspace.cpp:340)
  G vector (1/distance) = 0.27881807
  grid = 24 24 40
  stencil order = 5
  estimated absolute RMS force accuracy = 0.00038890355
  estimated relative force accuracy = 1.1711437e-06
  using double precision FFTW3
  3d grid and FFT values/proc = 45167 23040
Neighbor list info ...
  update every 1 steps, delay 0 steps, check yes
  max neighbors/atom: 2000, page size: 100000
  master list distance cutoff = 14
  ghost atom cutoff = 14
  binsize = 7, bins = 3 3 6
  1 neighbor lists, perpetual/occasional/extra = 1 0 0
  (1) pair lj/charmmfsw/coul/long, perpetual
      attributes: half, newton off
      pair build: half/bin/newtoff
      stencil: full/bin/3d
      bin: standard
Per MPI rank memory allocation (min/avg/max) = 32.93 | 32.93 | 32.93 Mbytes
Step Time Xlo Xhi Ylo Yhi Zlo Zhi Volume Temp Density Press TotEng PotEng KinEng E_bond E_angle E_dihed E_impro E_vdwl E_coul E_long 
       0            0      -10.094       10.094        -9.99         9.99      -20.737       20.737    16728.797            0   0.92796974   -4738.7592   -6478.9933   -6478.9933            0    209.00559    136.74918    4.9256446 6.3592731e-09    844.28458    20177.461   -27851.419 
      50           50      -10.094       10.094        -9.99         9.99      -20.737       20.737    16728.797            0   0.92796974   -4496.4923   -6731.8151   -6731.8151            0    229.18386    140.71598    6.9035319   0.44030141    935.45153    19812.858   -27857.368 
     100          100      -10.094       10.094        -9.99         9.99      -20.737       20.737    16728.797            0   0.92796974   -4560.8129   -6850.5632   -6850.5632            0    233.75181    144.78915    5.3622594  0.084671222    959.38474     19664.96   -27858.896 
     150          150      -10.094       10.094        -9.99         9.99      -20.737       20.737    16728.797            0   0.92796974   -4580.5373   -6909.9565   -6909.9565            0      236.672    143.72929    6.6204381   0.02370055    978.12029    19585.847   -27860.969 
     200          200      -10.094       10.094        -9.99         9.99      -20.737       20.737    16728.797            0   0.92796974   -4792.8747   -6950.2914   -6950.2914            0    239.26399    145.11708    7.7628186   0.21893985    979.67391    19539.226   -27861.554 
     250          250      -10.094       10.094        -9.99         9.99      -20.737       20.737    16728.797            0   0.92796974   -5018.4203   -6982.0734   -6982.0734            0    239.89561    146.28086     7.040608  0.058064326    970.83783    19514.646   -27860.832 
     300          300      -10.094       10.094        -9.99         9.99      -20.737       20.737    16728.797            0   0.92796974   -4880.8177   -7008.2602   -7008.2602            0    242.26614    147.20003     6.935115 0.0061965443    990.03893    19465.934    -27860.64 
     350          350      -10.094       10.094        -9.99         9.99      -20.737       20.737    16728.797            0   0.92796974    -4947.934   -7024.9209   -7024.9209            0    243.67057    148.31451    6.3942737  0.027567778     991.2379    19445.626   -27860.192 
     400          400      -10.094       10.094        -9.99         9.99      -20.737       20.737    16728.797            0   0.92796974   -4822.6455   -7035.4482   -7035.4482            0    243.85524    150.36723    6.5070687  0.026032124    1002.3268    19422.278   -27860.808 
     450          450      -10.094       10.094        -9.99         9.99      -20.737       20.737    16728.797            0   0.92796974   -4760.6131   -7042.9662   -7042.9662            0    244.01582    149.98677    5.9661842  0.010781069    1005.5027    19412.964   -27861.412 
     500          500      -10.094       10.094        -9.99         9.99      -20.737       20.737    16728.797            0   0.92796974   -4614.1906   -7050.5015   -7050.5015            0    244.03935    150.60222    6.5196642   0.00646484    1013.9054    19396.989   -27862.563 
     550          550      -10.094       10.094        -9.99         9.99      -20.737       20.737    16728.797            0   0.92796974   -4676.3514   -7056.3598   -7056.3598            0    244.94385    151.06152    6.2144347 0.0029280396    1013.0113     19390.18   -27861.774 
     600          600      -10.094       10.094        -9.99         9.99      -20.737       20.737    16728.797            0   0.92796974   -4762.6822   -7059.7283   -7059.7283            0    244.83114    151.06688    6.0070741 0.0013116449    1009.0086    19391.537    -27862.18 
     650          650      -10.094       10.094        -9.99         9.99      -20.737       20.737    16728.797            0   0.92796974    -4832.202   -7063.4482   -7063.4482            0    244.89511    151.51822    5.5431778  0.019553548    1007.3608    19389.602   -27862.387 
     700          700      -10.094       10.094        -9.99         9.99      -20.737       20.737    16728.797            0   0.92796974   -4736.4876   -7065.8859   -7065.8859            0    245.06338     152.1719    5.6495865  0.021088861    1013.7334    19380.145    -27862.67 
     750          750      -10.094       10.094        -9.99         9.99      -20.737       20.737    16728.797            0   0.92796974   -4595.4522   -7069.0273   -7069.0273            0    245.30073    152.98207    5.6566806  0.026297555    1023.2452     19366.42   -27862.658 
     800          800      -10.094       10.094        -9.99         9.99      -20.737       20.737    16728.797            0   0.92796974    -4627.288   -7071.1392   -7071.1392            0    245.30423    153.07556    5.8842933  0.021985978    1021.2776    19365.955   -27862.658 
     850          850      -10.094       10.094        -9.99         9.99      -20.737       20.737    16728.797            0   0.92796974    -4599.525   -7072.6316   -7072.6316            0    245.35397    153.43687    5.7843582  0.026217174    1023.6539    19361.682   -27862.569 
     900          900      -10.094       10.094        -9.99         9.99      -20.737       20.737    16728.797            0   0.92796974   -4643.3052   -7073.5806   -7073.5806            0    245.56036    153.11369    5.6735687  0.022455284    1021.7908    19362.799   -27862.541 
     950          950      -10.094       10.094        -9.99         9.99      -20.737       20.737    16728.797            0   0.92796974   -4693.6606   -7074.1628   -7074.1628            0    245.52616    153.08253     5.722725  0.028198434    1018.7463    19365.233   -27862.502 
    1000         1000      -10.094       10.094        -9.99         9.99      -20.737       20.737    16728.797            0   0.92796974     -4689.58   -7074.4988   -7074.4988            0    245.37613    153.22659    5.6127556  0.025838991    1018.2559    19365.362   -27862.358 
    1050         1050      -10.094       10.094        -9.99         9.99      -20.737       20.737    16728.797            0   0.92796974   -4679.8809   -7074.7016   -7074.7016            0     245.5272    153.09611    5.5762726  0.023250364    1019.3672    19364.154   -27862.445 
    1100         1100      -10.094       10.094        -9.99         9.99      -20.737       20.737    16728.797            0   0.92796974   -4669.4508   -7074.9958   -7074.9958            0    245.75271    153.25076    5.6554759  0.022368279    1020.3366    19362.371   -27862.384 
    1150         1150      -10.094       10.094        -9.99         9.99      -20.737       20.737    16728.797            0   0.92796974   -4641.6488   -7075.1991   -7075.1991            0    245.48247    153.33091    5.7037203  0.024188611    1020.8713    19361.767   -27862.379 
    1200         1200      -10.094       10.094        -9.99         9.99      -20.737       20.737    16728.797            0   0.92796974   -4663.3286   -7075.3018   -7075.3018            0    245.68001    153.21736    5.6838968  0.024891632    1020.4901    19361.905   -27862.303 
    1250         1250      -10.094       10.094        -9.99         9.99      -20.737       20.737    16728.797            0   0.92796974     -4666.78   -7075.3629   -7075.3629            0    245.66678    153.16825    5.6475271  0.024365079    1020.3373    19362.119   -27862.326 
    1300         1300      -10.094       10.094        -9.99         9.99      -20.737       20.737    16728.797            0   0.92796974   -4694.3215    -7075.569    -7075.569            0    245.19809    153.16986    5.6677685  0.022343874    1017.0397    19365.822   -27862.489 
    1350         1350      -10.094       10.094        -9.99         9.99      -20.737       20.737    16728.797            0   0.92796974   -4698.3832   -7076.0283   -7076.0283            0    245.70398    153.07928     5.666066  0.024992571    1018.8126    19363.144   -27862.459 
    1400         1400      -10.094       10.094        -9.99         9.99      -20.737       20.737    16728.797            0   0.92796974   -4664.8482   -7076.2904   -7076.2904            0    245.67581     153.2028    5.5938864  0.024712165    1020.6853    19360.871   -27862.344 
    1450         1450      -10.094       10.094        -9.99         9.99      -20.737       20.737    16728.797            0   0.92796974   -4607.5633   -7076.7612   -7076.7612            0    245.70786    153.64086     5.664498  0.025042151    1023.8106    19356.635   -27862.245 
    1500         1500      -10.094       10.094        -9.99         9.99      -20.737       20.737    16728.797            0   0.92796974   -4605.1462    -7077.073    -7077.073            0    245.96931    153.65952    5.6884266  0.025514995     1025.519    19354.393   -27862.327 
    1550         1550      -10.094       10.094        -9.99         9.99      -20.737       20.737    16728.797            0   0.92796974   -4624.1786   -7077.2588   -7077.2588            0    245.85616    153.48731    5.6671486  0.024366463    1024.4791    19355.571   -27862.344 
    1600         1600      -10.094       10.094        -9.99         9.99      -20.737       20.737    16728.797            0   0.92796974   -4610.5838   -7077.3786   -7077.3786            0    246.01612    153.43342    5.6737404  0.024182727    1025.3847    19354.463   -27862.374 
    1650         1650      -10.094       10.094        -9.99         9.99      -20.737       20.737    16728.797            0   0.92796974   -4574.0575   -7077.7095   -7077.7095            0    246.43385    153.78911    5.6526954  0.025089036    1028.4455    19350.289   -27862.345 
    1700         1700      -10.094       10.094        -9.99         9.99      -20.737       20.737    16728.797            0   0.92796974   -4624.3184   -7079.5111   -7079.5111            0    246.00429    154.11321    5.5315491  0.033333338    1024.2245    19352.885   -27862.303 
    1750         1750      -10.094       10.094        -9.99         9.99      -20.737       20.737    16728.797            0   0.92796974   -4711.1117   -7080.7295   -7080.7295            0    245.62663     153.9824    5.5825887  0.022444404     1018.972    19357.386   -27862.301 
    1800         1800      -10.094       10.094        -9.99         9.99      -20.737       20.737    16728.797            0   0.92796974   -4789.4411   -7081.2378   -7081.2378            0    245.66062    153.66567    5.6093705  0.022145503     1015.375    19360.705   -27862.276 
    1850         1850      -10.094       10.094        -9.99         9.99      -20.737       20.737    16728.797            0   0.92796974    -4754.822   -7081.5522   -7081.5522            0    245.60214    153.51462    5.6192622  0.026360625    1017.0887    19358.821   -27862.225 
    1900         1900      -10.094       10.094        -9.99         9.99      -20.737       20.737    16728.797            0   0.92796974     -4742.53   -7081.6699   -7081.6699            0    245.67289    153.66004    5.5921966  0.023297298    1017.5239    19358.119   -27862.262 
    1950         1950      -10.094       10.094        -9.99         9.99      -20.737       20.737    16728.797            0   0.92796974   -4736.6249   -7081.7171   -7081.7171            0    245.72067    153.68866    5.5705411  0.022319624    1018.1724    19357.371   -27862.263 
    2000         2000      -10.094       10.094        -9.99         9.99      -20.737       20.737    16728.797            0   0.92796974   -4732.9976   -7081.7407   -7081.7407            0     245.7316    153.79085    5.5534722  0.023940312    1018.4002     19357.01   -27862.251 
    2050         2050      -10.094       10.094        -9.99         9.99      -20.737       20.737    16728.797            0   0.92796974   -4734.4105   -7081.7504   -7081.7504            0    245.71549    153.76228    5.5567011  0.022879581    1018.3124    19357.116   -27862.236 
    2089         2089      -10.094       10.094        -9.99         9.99      -20.737       20.737    16728.797            0   0.92796974   -4733.1625   -7081.7535   -7081.7535            0    245.72951    153.75624    5.5565514  0.022761453    1018.3978    19357.017   -27862.233 
Loop time of 154.518 on 1 procs for 2089 steps with 1542 atoms

99.9% CPU use with 1 MPI tasks x 1 OpenMP threads

Minimization stats:
  Stopping criterion = linesearch alpha is zero
  Energy initial, next-to-last, final = 
     -6478.99329868236   -7081.7535469739   -7081.7535469739
  Force two-norm initial, final = 214.45587 0.40706929
  Force max component initial, final = 120.29113 0.17131601
  Final line search alpha, max atom move = 6.9584442e-08 1.1920929e-08
  Iterations, force evaluations = 2089 4383

MPI task timing breakdown:
Section |  min time  |  avg time  |  max time  |%varavg| %total
---------------------------------------------------------------
Pair    | 138.31     | 138.31     | 138.31     |   0.0 | 89.51
Bond    | 0.3691     | 0.3691     | 0.3691     |   0.0 |  0.24
Kspace  | 14.646     | 14.646     | 14.646     |   0.0 |  9.48
Neigh   | 0.80397    | 0.80397    | 0.80397    |   0.0 |  0.52
Comm    | 0.17712    | 0.17712    | 0.17712    |   0.0 |  0.11
Output  | 0.065033   | 0.065033   | 0.065033   |   0.0 |  0.04
Modify  | 0          | 0          | 0          |   0.0 |  0.00
Other   |            | 0.1514     |            |       |  0.10

Nlocal:        1542.00 ave        1542 max        1542 min
Histogram: 1 0 0 0 0 0 0 0 0 0
Nghost:        13492.0 ave       13492 max       13492 min
Histogram: 1 0 0 0 0 0 0 0 0 0
Neighs:    1.24072e+06 ave 1.24072e+06 max 1.24072e+06 min
Histogram: 1 0 0 0 0 0 0 0 0 0

Total # of neighbors = 1240720
Ave neighs/atom = 804.61738
Ave special neighs/atom = 2.1309987
Neighbor list builds = 20
Dangerous builds = 0
System init for write_data ...
PPPM initialization ...
  using 12-bit tables for long-range coulomb (src/kspace.cpp:340)
  G vector (1/distance) = 0.27881807
  grid = 24 24 40
  stencil order = 5
  estimated absolute RMS force accuracy = 0.00038890355
  estimated relative force accuracy = 1.1711437e-06
  using double precision FFTW3
  3d grid and FFT values/proc = 45167 23040
Total wall time: 0:02:34
