PPPM initialization ...
  using 12-bit tables for long-range coulomb (src/kspace.cpp:340)
  G vector (1/distance) = 0.27881807
  grid = 24 24 40
  stencil order = 5
  estimated absolute RMS force accuracy = 0.00038890355
  estimated relative force accuracy = 1.1711437e-06
  using double precision FFTW3
  3d grid and FFT values/proc = 45167 23040
Neighbor list info ...
  update every 1 steps, delay 5 steps, check yes
  max neighbors/atom: 2000, page size: 100000
  master list distance cutoff = 14
  ghost atom cutoff = 14
  binsize = 7, bins = 3 3 6
  1 neighbor lists, perpetual/occasional/extra = 1 0 0
  (1) pair lj/charmmfsw/coul/long, perpetual
      attributes: half, newton off
      pair build: half/bin/newtoff
      stencil: full/bin/3d
      bin: standard
SHAKE stats (type/ave/delta/count) on step 0
     4   1.11349   0.00784198         9
     5   1.08141   0.00000             1
     6   0.979888  0.0290144       1512
     9   1.00335   0.0135640          7
    11   1.04705   0.00444973         6
    15   100.498   7.28551          504
Per MPI rank memory allocation (min/avg/max) = 32.41 | 32.41 | 32.41 Mbytes
Step Time Xlo Xhi Ylo Yhi Zlo Zhi Volume Temp Density Press TotEng PotEng KinEng E_bond E_angle E_dihed E_impro E_vdwl E_coul E_long 
       0            0      -10.094       10.094        -9.99         9.99      -20.737       20.737    16728.797    445.20266   0.92796974    213.56501   -6103.4796   -7473.0102    1369.5306    3.2647046     4.968591    5.5565317   0.02276873     1018.399    19357.012   -27862.234 
SHAKE stats (type/ave/delta/count) on step 2500
     4   1.11116   0.000267225        9
     5   1.08013   0.00000             1
     6   0.957321  0.000367557     1512
     9   1.00016   0.000311893        7
    11   1.04017   0.000158156        6
    15   104.520   0.0425358        504
    2500         2500      -10.094       10.094        -9.99         9.99   -19.157325    19.157325    15454.453    294.52854    1.0044883   -1050.6566   -4619.8979   -5525.9254    906.02752     3.867075    8.7959155    4.8373843   0.59955447    496.31834    21811.348   -27851.692 
SHAKE stats (type/ave/delta/count) on step 5000
     4   1.11113   0.000280182        9
     5   1.08007   0.00000             1
     6   0.957294  0.000267442     1512
     9   1.00013   0.000243714        7
    11   1.04011   6.98428e-05        6
    15   104.521   0.0308322        504
    5000         5000      -10.094       10.094        -9.99         9.99   -19.108771    19.108771    15415.284    303.74488    1.0070406    268.00164   -4594.5287   -5528.9075    934.37878    3.1969212     8.480624    5.3847747   0.41334072    564.86576    21743.959   -27855.208 
SHAKE stats (type/ave/delta/count) on step 7500
     4   1.11091   0.000191720        9
     5   1.07997   0.00000             1
     6   0.957144  0.000168968     1512
     9   0.999936  0.000161512        7
    11   1.03992   8.71714e-05        6
    15   104.520   0.0194612        504
    7500         7500      -10.094       10.094        -9.99         9.99   -18.723823    18.723823    15104.742    298.04781    1.0277446    598.08796   -4638.7911   -5555.6445    916.85347    3.1560513    11.985238    5.6949302    0.2670766    574.48756    21705.876   -27857.111 
SHAKE stats (type/ave/delta/count) on step 10000
     4   1.11090   0.000179489        9
     5   1.07998   0.00000             1
     6   0.957147  0.000155501     1512
     9   0.999976  5.20857e-05        7
    11   1.03992   0.000133885        6
    15   104.520   0.0179270        504
   10000        10000      -10.094       10.094        -9.99         9.99   -18.847573    18.847573    15204.572    303.54037    1.0209966   -511.33228   -4643.8083    -5577.558    933.74968    7.7630034    14.518343    4.8512337    1.2808543     533.7418    21717.003   -27856.717 
SHAKE stats (type/ave/delta/count) on step 12500
     4   1.11102   4.77769e-05        9
     5   1.08000   0.00000             1
     6   0.957216  4.82639e-05     1512
     9   1.00001   3.42416e-05        7
    11   1.04002   4.57412e-05        6
    15   104.520   0.00556716       504
   12500        12500      -10.094       10.094        -9.99         9.99   -18.528562    18.528562    14947.223    293.23964    1.0385754    224.30699   -4743.0014    -5645.064    902.06261    9.0807508    12.408251     7.051497  0.078878727    572.42723    21612.305   -27858.416 
SHAKE stats (type/ave/delta/count) on step 15000
     4   1.11125   0.000500839        9
     5   1.08004   0.00000             1
     6   0.957347  0.000438640     1512
     9   1.00017   0.000260719        7
    11   1.04019   0.000420835        6
    15   104.520   0.0510201        504
   15000        15000      -10.094       10.094        -9.99         9.99   -18.548747    18.548747    14963.505    298.01445    1.0374452    432.48629   -4708.3854   -5625.1363    916.75085     8.291661    9.9247471    5.4838163    1.0850744    582.81659    21623.066   -27855.805 
SHAKE stats (type/ave/delta/count) on step 17500
     4   1.11084   0.000312798        9
     5   1.07991   0.00000             1
     6   0.957105  0.000280149     1512
     9   0.999892  0.000266688        7
    11   1.03986   0.000234869        6
    15   104.519   0.0323211        504
   17500        17500      -10.094       10.094        -9.99         9.99   -19.067422    19.067422    15381.927    288.96189    1.0092245   -485.33397   -4713.3666     -5602.27     888.9034     3.911541    13.989324    7.8573448   0.11283443    545.32414    21684.548   -27858.013 
SHAKE stats (type/ave/delta/count) on step 20000
     4   1.11091   0.000158166        9
     5   1.07995   0.00000             1
     6   0.957150  0.000146953     1512
     9   0.999970  6.87883e-05        7
    11   1.03994   0.000147453        6
    15   104.520   0.0169119        504
   20000        20000      -10.094       10.094        -9.99         9.99   -18.886181    18.886181    15235.718    282.94557    1.0189094   -521.00414   -4727.7098   -5598.1058    870.39603    3.9141514    16.941237    4.5270229 0.0069971393    536.13784    21696.517    -27856.15 
SHAKE stats (type/ave/delta/count) on step 22500
     4   1.11122   0.000507633        9
     5   1.08021   0.00000             1
     6   0.957372  0.000505841     1512
     9   1.00024   0.000438124        7
    11   1.04022   0.000389601        6
    15   104.519   0.0585250        504
   22500        22500      -10.094       10.094        -9.99         9.99   -18.984765    18.984765    15315.247    305.54051    1.0136185    129.82966   -4705.0693   -5644.9718    939.90248    8.0479787    16.851614    8.0285446   0.65406696    602.76018    21568.997   -27850.311 
SHAKE stats (type/ave/delta/count) on step 25000
     4   1.11111   0.000225402        9
     5   1.08022   0.00000             1
     6   0.957298  0.000300793     1512
     9   1.00013   0.000270136        7
    11   1.04014   0.000205313        6
    15   104.520   0.0345649        504
   25000        25000      -10.094       10.094        -9.99         9.99   -18.762381    18.762381    15135.847    293.27396    1.0256325   -1086.6125   -4709.5756   -5611.7438    902.16819    5.3878192    11.871655    5.6308246    0.2691416    503.36335    21718.197   -27856.464 
SHAKE stats (type/ave/delta/count) on step 27500
     4   1.11108   0.000198266        9
     5   1.08032   0.00000             1
     6   0.957300  0.000299385     1512
     9   1.00012   0.000277897        7
    11   1.04012   0.000301762        6
    15   104.521   0.0347846        504
   27500        27500      -10.094       10.094        -9.99         9.99   -18.694013    18.694013    15080.693    292.13988    1.0293835   -905.70716   -4689.4543   -5588.1338    898.67951    6.7347802    13.191809    5.1283647   0.73648232     517.7744    21723.488   -27855.188 
SHAKE stats (type/ave/delta/count) on step 30000
     4   1.11092   0.000149471        9
     5   1.07972   0.00000             1
     6   0.957108  0.000275608     1512
     9   0.999885  0.000253344        7
    11   1.03987   0.000242526        6
    15   104.520   0.0317761        504
   30000        30000      -10.094       10.094        -9.99         9.99   -18.421498    18.421498    14860.852    292.51912    1.0446115    943.75394    -4718.387   -5618.2331    899.84614    9.6803817    15.957992    8.5665102   0.84048896    591.93489    21608.992   -27854.205 
SHAKE stats (type/ave/delta/count) on step 32500
     4   1.11101   1.00325e-05        9
     5   1.08007   0.00000             1
     6   0.957222  6.70999e-05     1512
     9   1.00003   4.89182e-05        7
    11   1.04003   5.90798e-05        6
    15   104.520   0.00773373       504
   32500        32500      -10.094       10.094        -9.99         9.99   -18.762297    18.762297    15135.779    310.24922    1.0256371    88.526376   -4613.5461   -5567.9335     954.3874    6.8130163     15.00203    6.2355981  0.007701076    544.10467    21713.967   -27854.063 
SHAKE stats (type/ave/delta/count) on step 35000
     4   1.11101   2.41704e-05        9
     5   1.08009   0.00000             1
     6   0.957225  7.78407e-05     1512
     9   1.00004   6.96986e-05        7
    11   1.04004   6.49138e-05        6
    15   104.520   0.00894661       504
   35000        35000      -10.094       10.094        -9.99         9.99   -18.786229    18.786229    15155.085    289.23851    1.0243306   -135.60908    -4720.789   -5610.5434    889.75434    8.7424152    9.8692104    4.8635187   0.78013921    564.01733    21660.543   -27859.359 
SHAKE stats (type/ave/delta/count) on step 37500
     4   1.11096   5.61782e-05        9
     5   1.07981   0.00000             1
     6   0.957144  0.000175125     1512
     9   0.999915  0.000161287        7
    11   1.03993   0.000183579        6
    15   104.520   0.0201656        504
   37500        37500      -10.094       10.094        -9.99         9.99   -18.789667    18.789667    15157.859    283.43839    1.0241431   -341.35141   -4755.3883   -5627.3003    871.91205    4.0701864    12.097227    5.2547115  0.058036789    546.21063     21663.16   -27858.152 
SHAKE stats (type/ave/delta/count) on step 40000
     4   1.11097   1.91186e-05        9
     5   1.07983   0.00000             1
     6   0.957146  0.000156344     1512
     9   0.999933  0.000119536        7
    11   1.03993   0.000136548        6
    15   104.520   0.0181064        504
   40000        40000      -10.094       10.094        -9.99         9.99   -18.332089    18.332089    14788.725    306.94427    1.0497063    678.18842   -4700.5733    -5644.794    944.22072    7.2326844    10.502299    9.6630592    1.3623738    594.42305    21588.977   -27856.955 
Loop time of 1852.38 on 1 procs for 40000 steps with 1542 atoms

Performance: 1.866 ns/day, 12.864 hours/ns, 21.594 timesteps/s
99.8% CPU use with 1 MPI tasks x 1 OpenMP threads

MPI task timing breakdown:
Section |  min time  |  avg time  |  max time  |%varavg| %total
---------------------------------------------------------------
Pair    | 1273.7     | 1273.7     | 1273.7     |   0.0 | 68.76
Bond    | 0.80987    | 0.80987    | 0.80987    |   0.0 |  0.04
Kspace  | 140.49     | 140.49     | 140.49     |   0.0 |  7.58
Neigh   | 91.745     | 91.745     | 91.745     |   0.0 |  4.95
Comm    | 2.5681     | 2.5681     | 2.5681     |   0.0 |  0.14
Output  | 1.1771     | 1.1771     | 1.1771     |   0.0 |  0.06
Modify  | 341.35     | 341.35     | 341.35     |   0.0 | 18.43
Other   |            | 0.5579     |            |       |  0.03

Nlocal:        1542.00 ave        1542 max        1542 min
Histogram: 1 0 0 0 0 0 0 0 0 0
Nghost:        14100.0 ave       14100 max       14100 min
Histogram: 1 0 0 0 0 0 0 0 0 0
Neighs:    1.41931e+06 ave 1.41931e+06 max 1.41931e+06 min
Histogram: 1 0 0 0 0 0 0 0 0 0

Total # of neighbors = 1419308
Ave neighs/atom = 920.43320
Ave special neighs/atom = 2.1309987
Neighbor list builds = 1964
Dangerous builds = 0
System init for write_data ...
PPPM initialization ...
  using 12-bit tables for long-range coulomb (src/kspace.cpp:340)
  G vector (1/distance) = 0.28063545
  grid = 24 24 40
  stencil order = 5
  estimated absolute RMS force accuracy = 0.00035359371
  estimated relative force accuracy = 1.0648116e-06
  using double precision FFTW3
  3d grid and FFT values/proc = 45167 23040
Total wall time: 0:30:53
