PPPM initialization ...
  using 12-bit tables for long-range coulomb (src/kspace.cpp:340)
  G vector (1/distance) = 0.28069036
  grid = 24 24 40
  stencil order = 5
  estimated absolute RMS force accuracy = 0.00034192778
  estimated relative force accuracy = 1.0296809e-06
  using double precision FFTW3
  3d grid and FFT values/proc = 45167 23040
Neighbor list info ...
  update every 1 steps, delay 5 steps, check yes
  max neighbors/atom: 2000, page size: 100000
  master list distance cutoff = 14
  ghost atom cutoff = 14
  binsize = 7, bins = 3 3 6
  1 neighbor lists, perpetual/occasional/extra = 1 0 0
  (1) pair lj/charmmfsw/coul/long, perpetual
      attributes: half, newton off
      pair build: half/bin/newtoff
      stencil: full/bin/3d
      bin: standard
SHAKE stats (type/ave/delta/count) on step 0
     1   0.980034  0.0294795       1422
     1   100.636   6.02620          474
Per MPI rank memory allocation (min/avg/max) = 17.48 | 17.48 | 17.48 Mbytes
Step Time Xlo Xhi Ylo Yhi Zlo Zhi Volume Temp Density Press TotEng PotEng KinEng E_bond E_angle E_dihed E_impro E_vdwl E_coul E_long 
       0            0      -10.094       10.094        -9.99         9.99      -18.785       18.785    15154.094    447.38242   0.93568936   -858.05359   -5174.7249   -6437.6082    1262.8832            0            0            0            0    968.08803    18592.564    -25998.26 
SHAKE stats (type/ave/delta/count) on step 2500
     1   0.957304  0.000310836     1422
     1   104.520   0.0359720        474
    2500         2500      -10.094       10.094        -9.99         9.99   -17.946251    17.946251    14477.465    303.88856    0.9794204   -1117.7937   -3731.9141   -4589.7389    857.82485            0            0            0            0    462.41258    20933.944   -25986.095 
SHAKE stats (type/ave/delta/count) on step 5000
     1   0.957109  0.000270680     1422
     1   104.520   0.0311436        474
    5000         5000      -10.094       10.094        -9.99         9.99   -17.448421    17.448421    14075.859    299.60003    1.0073648    452.71069   -3753.5541   -4599.2732     845.7191            0            0            0            0    535.36878    20854.458     -25989.1 
SHAKE stats (type/ave/delta/count) on step 7500
     1   0.957180  6.07996e-05     1422
     1   104.520   0.00701339       474
    7500         7500      -10.094       10.094        -9.99         9.99   -17.683094    17.683094    14265.173    299.46731   0.99399598    213.39355   -3726.0605    -4571.405    845.34445            0            0            0            0    516.00951    20899.129   -25986.544 
SHAKE stats (type/ave/delta/count) on step 10000
     1   0.957209  2.80246e-05     1422
     1   104.520   0.00316785       474
   10000        10000      -10.094       10.094        -9.99         9.99   -17.804959    17.804959    14363.482    287.04642   0.98719268   -463.27063   -3826.4936    -4636.776    810.28241            0            0            0            0    512.24404    20839.026   -25988.046 
SHAKE stats (type/ave/delta/count) on step 12500
     1   0.957346  0.000423137     1422
     1   104.519   0.0488932        474
   12500        12500      -10.094       10.094        -9.99         9.99   -17.447443    17.447443     14075.07    277.45114    1.0074213   -74.032328   -3876.2228   -4659.4194     783.1966            0            0            0            0    521.81553    20806.182   -25987.417 
SHAKE stats (type/ave/delta/count) on step 15000
     1   0.957213  3.99565e-05     1422
     1   104.520   0.00464744       474
   15000        15000      -10.094       10.094        -9.99         9.99   -17.261045    17.261045    13924.701    301.55121    1.0183001    970.23951   -3786.0099   -4637.2368    851.22694            0            0            0            0    569.50999    20779.039   -25985.786 
SHAKE stats (type/ave/delta/count) on step 17500
     1   0.957391  0.000576660     1422
     1   104.520   0.0664775        474
   17500        17500      -10.094       10.094        -9.99         9.99    -17.25605     17.25605    13920.671    297.92046    1.0185949    791.78407   -3805.4853   -4646.4632    840.97795            0            0            0            0    552.47615    20789.769   -25988.708 
SHAKE stats (type/ave/delta/count) on step 20000
     1   0.957229  8.46503e-05     1422
     1   104.520   0.00979072       474
   20000        20000      -10.094       10.094        -9.99         9.99   -17.652577    17.652577    14240.554    292.43656    0.9957144   -420.09931   -3749.8748   -4575.3727    825.49786            0            0            0            0    482.21021    20929.511   -25987.094 
SHAKE stats (type/ave/delta/count) on step 22500
     1   0.957222  6.76229e-05     1422
     1   104.520   0.00774781       474
   22500        22500      -10.094       10.094        -9.99         9.99   -17.480715    17.480715    14101.911    294.89343    1.0055038   -412.20623   -3796.5836   -4629.0167    832.43316            0            0            0            0    493.92455    20867.729   -25990.671 
SHAKE stats (type/ave/delta/count) on step 25000
     1   0.957189  3.34525e-05     1422
     1   104.520   0.00384375       474
   25000        25000      -10.094       10.094        -9.99         9.99   -17.447025    17.447025    14074.733    300.93697    1.0074454   -157.74619   -3744.9448   -4594.4378    849.49304            0            0            0            0    482.97029    20909.672    -25987.08 
SHAKE stats (type/ave/delta/count) on step 27500
     1   0.957316  0.000350111     1422
     1   104.521   0.0407048        474
   27500        27500      -10.094       10.094        -9.99         9.99   -17.404485    17.404485    14040.416    299.01085    1.0099078   -452.04472   -3837.7433   -4681.7992    844.05593            0            0            0            0    505.76828    20801.952    -25989.52 
SHAKE stats (type/ave/delta/count) on step 30000
     1   0.957205  1.37527e-05     1422
     1   104.520   0.00154768       474
   30000        30000      -10.094       10.094        -9.99         9.99   -17.318503    17.318503    13971.052     302.9687    1.0149217   -433.00057   -3816.3676   -4671.5958    855.22826            0            0            0            0    494.34112    20822.227   -25988.164 
SHAKE stats (type/ave/delta/count) on step 32500
     1   0.957234  0.000101390     1422
     1   104.520   0.0117448        474
   32500        32500      -10.094       10.094        -9.99         9.99   -17.328627    17.328627     13979.22    290.17747    1.0143287    622.80287   -3802.7967   -4621.9175    819.12082            0            0            0            0    541.08828    20825.592   -25988.598 
SHAKE stats (type/ave/delta/count) on step 35000
     1   0.957181  5.70449e-05     1422
     1   104.520   0.00656987       474
   35000        35000      -10.094       10.094        -9.99         9.99   -17.531843    17.531843    14143.156    310.62985    1.0025714    543.93045   -3783.7238   -4660.5782    876.85435            0            0            0            0    546.05807    20778.928   -25985.564 
SHAKE stats (type/ave/delta/count) on step 37500
     1   0.957281  0.000244397     1422
     1   104.520   0.0282002        474
   37500        37500      -10.094       10.094        -9.99         9.99   -17.404711    17.404711    14040.597    298.84387    1.0098947   -1435.5836   -3783.0378   -4626.6223    843.58459            0            0            0            0    425.69486    20934.859   -25987.176 
SHAKE stats (type/ave/delta/count) on step 40000
     1   0.957117  0.000248990     1422
     1   104.520   0.0287041        474
   40000        40000      -10.094       10.094        -9.99         9.99   -17.530012    17.530012     14141.68    289.41758    1.0026761   -811.59551   -3811.4085   -4628.3843    816.97579            0            0            0            0    469.89064    20887.208   -25985.483 
Loop time of 2002.73 on 1 procs for 40000 steps with 1422 atoms

Performance: 1.726 ns/day, 13.908 hours/ns, 19.973 timesteps/s
98.1% CPU use with 1 MPI tasks x 1 OpenMP threads

MPI task timing breakdown:
Section |  min time  |  avg time  |  max time  |%varavg| %total
---------------------------------------------------------------
Pair    | 1360.9     | 1360.9     | 1360.9     |   0.0 | 67.95
Bond    | 0.15922    | 0.15922    | 0.15922    |   0.0 |  0.01
Kspace  | 166        | 166        | 166        |   0.0 |  8.29
Neigh   | 97.928     | 97.928     | 97.928     |   0.0 |  4.89
Comm    | 2.9378     | 2.9378     | 2.9378     |   0.0 |  0.15
Output  | 1.1674     | 1.1674     | 1.1674     |   0.0 |  0.06
Modify  | 372.96     | 372.96     | 372.96     |   0.0 | 18.62
Other   |            | 0.7256     |            |       |  0.04

Nlocal:        1422.00 ave        1422 max        1422 min
Histogram: 1 0 0 0 0 0 0 0 0 0
Nghost:        13227.0 ave       13227 max       13227 min
Histogram: 1 0 0 0 0 0 0 0 0 0
Neighs:    1.26652e+06 ave 1.26652e+06 max 1.26652e+06 min
Histogram: 1 0 0 0 0 0 0 0 0 0

Total # of neighbors = 1266515
Ave neighs/atom = 890.65752
Ave special neighs/atom = 2.0000000
Neighbor list builds = 1944
Dangerous builds = 0
System init for write_data ...
PPPM initialization ...
  using 12-bit tables for long-range coulomb (src/kspace.cpp:340)
  G vector (1/distance) = 0.27993571
  grid = 24 24 36
  stencil order = 5
  estimated absolute RMS force accuracy = 0.00037139544
  estimated relative force accuracy = 1.1184198e-06
  using double precision FFTW3
  3d grid and FFT values/proc = 41323 20736
Total wall time: 0:33:23
