WARNING: Using 'neigh_modify every 1 delay 0 check yes' setting during minimization (src/min.cpp:188)
PPPM initialization ...
  using 12-bit tables for long-range coulomb (src/kspace.cpp:340)
  G vector (1/distance) = 0.28069036
  grid = 24 24 40
  stencil order = 5
  estimated absolute RMS force accuracy = 0.00034192778
  estimated relative force accuracy = 1.0296809e-06
  using double precision FFTW3
  3d grid and FFT values/proc = 45167 23040
Neighbor list info ...
  update every 1 steps, delay 0 steps, check yes
  max neighbors/atom: 2000, page size: 100000
  master list distance cutoff = 14
  ghost atom cutoff = 14
  binsize = 7, bins = 3 3 6
  1 neighbor lists, perpetual/occasional/extra = 1 0 0
  (1) pair lj/charmmfsw/coul/long, perpetual
      attributes: half, newton off
      pair build: half/bin/newtoff
      stencil: full/bin/3d
      bin: standard
Per MPI rank memory allocation (min/avg/max) = 18.00 | 18.00 | 18.00 Mbytes
Step Time Xlo Xhi Ylo Yhi Zlo Zhi Volume Temp Density Press TotEng PotEng KinEng E_bond E_angle E_dihed E_impro E_vdwl E_coul E_long 
       0            0      -10.094       10.094        -9.99         9.99      -18.785       18.785    15154.094            0   0.93568936   -4167.6493   -5637.0255   -5637.0255            0    204.29898    115.20835            0            0    834.00391    19202.876   -25993.413 
     100          100      -10.094       10.094        -9.99         9.99      -18.785       18.785    15154.094            0   0.93568936   -3107.2893   -5900.0177   -5900.0177            0     209.6429    125.89898            0            0    941.96702    18816.444   -25993.971 
     200          200      -10.094       10.094        -9.99         9.99      -18.785       18.785    15154.094            0   0.93568936   -3902.8777   -5967.6533   -5967.6533            0    231.35895    128.09793            0            0     980.8955    18688.385    -25996.39 
     300          300      -10.094       10.094        -9.99         9.99      -18.785       18.785    15154.094            0   0.93568936   -3712.5613   -6018.6295   -6018.6295            0    226.34059    129.18857            0            0     978.1374    18644.467   -25996.764 
     400          400      -10.094       10.094        -9.99         9.99      -18.785       18.785    15154.094            0   0.93568936   -3605.4839   -6039.1718   -6039.1718            0    221.86848    127.70103            0            0    970.58396    18637.617   -25996.942 
     500          500      -10.094       10.094        -9.99         9.99      -18.785       18.785    15154.094            0   0.93568936   -3935.6473   -6048.2263   -6048.2263            0    227.18529    128.38479            0            0    973.20852    18620.035   -25997.039 
     600          600      -10.094       10.094        -9.99         9.99      -18.785       18.785    15154.094            0   0.93568936   -3995.3893   -6053.9007   -6053.9007            0    228.98625    129.82854            0            0    976.29301    18608.284   -25997.293 
     700          700      -10.094       10.094        -9.99         9.99      -18.785       18.785    15154.094            0   0.93568936   -4023.5112   -6054.3807   -6054.3807            0    229.10979    129.73855            0            0    975.16529    18608.968   -25997.362 
     800          800      -10.094       10.094        -9.99         9.99      -18.785       18.785    15154.094            0   0.93568936   -3846.1453   -6057.4554   -6057.4554            0    227.97205    128.87547            0            0    980.70935    18602.579   -25997.592 
     900          900      -10.094       10.094        -9.99         9.99      -18.785       18.785    15154.094            0   0.93568936   -3958.5934   -6058.9443   -6058.9443            0    228.84691    129.35608            0            0     978.6257    18601.909   -25997.682 
    1000         1000      -10.094       10.094        -9.99         9.99      -18.785       18.785    15154.094            0   0.93568936   -4092.8569   -6065.3828   -6065.3828            0    229.91761    131.02047            0            0    976.96157    18594.181   -25997.463 
    1100         1100      -10.094       10.094        -9.99         9.99      -18.785       18.785    15154.094            0   0.93568936   -4165.3403   -6069.0271   -6069.0271            0    229.74247    130.70029            0            0    973.39062    18594.914   -25997.774 
    1200         1200      -10.094       10.094        -9.99         9.99      -18.785       18.785    15154.094            0   0.93568936   -4176.7924   -6069.6799   -6069.6799            0     229.4444    131.03269            0            0    972.08942    18595.708   -25997.954 
    1300         1300      -10.094       10.094        -9.99         9.99      -18.785       18.785    15154.094            0   0.93568936   -4208.2269    -6070.226    -6070.226            0    228.07362    130.80206            0            0    966.33028    18602.729   -25998.161 
    1400         1400      -10.094       10.094        -9.99         9.99      -18.785       18.785    15154.094            0   0.93568936   -4171.0482    -6073.003    -6073.003            0    228.11411    130.81604            0            0    968.06467     18598.32   -25998.318 
    1500         1500      -10.094       10.094        -9.99         9.99      -18.785       18.785    15154.094            0   0.93568936   -4283.5875   -6074.4647   -6074.4647            0     228.2777    131.28741            0            0    963.01018    18601.357   -25998.397 
    1600         1600      -10.094       10.094        -9.99         9.99      -18.785       18.785    15154.094            0   0.93568936   -4371.5884   -6075.4543   -6075.4543            0    230.49797    131.85799            0            0    965.94631    18594.609   -25998.366 
    1700         1700      -10.094       10.094        -9.99         9.99      -18.785       18.785    15154.094            0   0.93568936   -4291.0139   -6076.6006   -6076.6006            0    229.90244    131.53387            0            0    968.12418    18592.111   -25998.272 
    1800         1800      -10.094       10.094        -9.99         9.99      -18.785       18.785    15154.094            0   0.93568936   -4284.0164   -6076.6298   -6076.6298            0    229.77587    131.41975            0            0     967.9617    18592.472   -25998.259 
    1832         1832      -10.094       10.094        -9.99         9.99      -18.785       18.785    15154.094            0   0.93568936   -4269.3412   -6076.6327   -6076.6327            0    229.59995    131.37009            0            0    968.08762     18592.57    -25998.26 
Loop time of 128.693 on 1 procs for 1832 steps with 1422 atoms

99.8% CPU use with 1 MPI tasks x 1 OpenMP threads

Minimization stats:
  Stopping criterion = linesearch alpha is zero
  Energy initial, next-to-last, final = 
       -5637.025549668  -6076.63274825555  -6076.63274825555
  Force two-norm initial, final = 75.733057 0.16963121
  Force max component initial, final = 14.196607 0.034424843
  Final line search alpha, max atom move = 2.3841858e-07 8.2075222e-09
  Iterations, force evaluations = 1832 3800

MPI task timing breakdown:
Section |  min time  |  avg time  |  max time  |%varavg| %total
---------------------------------------------------------------
Pair    | 114.65     | 114.65     | 114.65     |   0.0 | 89.09
Bond    | 0.26167    | 0.26167    | 0.26167    |   0.0 |  0.20
Kspace  | 12.739     | 12.739     | 12.739     |   0.0 |  9.90
Neigh   | 0.71645    | 0.71645    | 0.71645    |   0.0 |  0.56
Comm    | 0.15027    | 0.15027    | 0.15027    |   0.0 |  0.12
Output  | 0.049338   | 0.049338   | 0.049338   |   0.0 |  0.04
Modify  | 0          | 0          | 0          |   0.0 |  0.00
Other   |            | 0.1251     |            |       |  0.10

Nlocal:        1422.00 ave        1422 max        1422 min
Histogram: 1 0 0 0 0 0 0 0 0 0
Nghost:        12737.0 ave       12737 max       12737 min
Histogram: 1 0 0 0 0 0 0 0 0 0
Neighs:    1.17326e+06 ave 1.17326e+06 max 1.17326e+06 min
Histogram: 1 0 0 0 0 0 0 0 0 0

Total # of neighbors = 1173261
Ave neighs/atom = 825.07806
Ave special neighs/atom = 2.0000000
Neighbor list builds = 20
Dangerous builds = 0
System init for write_data ...
PPPM initialization ...
  using 12-bit tables for long-range coulomb (src/kspace.cpp:340)
  G vector (1/distance) = 0.28069036
  grid = 24 24 40
  stencil order = 5
  estimated absolute RMS force accuracy = 0.00034192778
  estimated relative force accuracy = 1.0296809e-06
  using double precision FFTW3
  3d grid and FFT values/proc = 45167 23040
Total wall time: 0:02:08
